<?xml version="1.0" encoding="UTF-8"?>
<!-- Generated by org.testng.reporters.JUnitXMLReporter -->
<testsuite hostname="BLRMPARMA60641" name="Default test" tests="3" failures="0" timestamp="5 Nov 2017 15:00:55 GMT" time="29.016" errors="0">
  <testcase name="tc_login_functionality" time="2.453" classname="org.web.testcases.Tc_001_Validate_LoginFunctionality"/>
  <testcase name="tc_login_functionality" time="2.378" classname="org.web.testcases.Tc_001_Validate_LoginFunctionality"/>
  <testcase name="tc_login_functionality" time="2.899" classname="org.web.testcases.Tc_001_Validate_LoginFunctionality"/>
</testsuite> <!-- Default test -->
