<?xml version="1.0" encoding="UTF-8"?>
<!-- Generated by org.testng.reporters.JUnitXMLReporter -->
<testsuite hostname="WKWIN2928636" name="Default test" tests="5" failures="0" timestamp="14 Apr 2018 16:58:10 GMT" time="11.658" errors="0">
  <testcase name="hitSolrAPIwithDifferetDataFromExcelSheet" time="3.996" classname="org.api.testcases.DataProviderClass"/>
  <testcase name="hitSolrAPIwithDifferetDataFromExcelSheet" time="1.914" classname="org.api.testcases.DataProviderClass"/>
  <testcase name="hitSolrAPIwithDifferetDataFromExcelSheet" time="1.492" classname="org.api.testcases.DataProviderClass"/>
  <testcase name="hitSolrAPIwithDifferetDataFromExcelSheet" time="1.916" classname="org.api.testcases.DataProviderClass"/>
  <testcase name="hitSolrAPIwithDifferetDataFromExcelSheet" time="1.731" classname="org.api.testcases.DataProviderClass"/>
</testsuite> <!-- Default test -->
