<?xml version="1.0" encoding="UTF-8"?>
<!-- Generated by org.testng.reporters.JUnitXMLReporter -->
<testsuite hostname="WKWIN2928636" name="Validating SOLR Search APIs" tests="14" failures="2" timestamp="14 Apr 2018 11:18:32 GMT" time="29.58" errors="0">
  <testcase name="AnothertestToFail" time="4.0" classname="org.api.testcases.DataProviderClass">
    <failure type="java.lang.AssertionError" message="1 expectation failed.
Expected content-type &amp;quot;XML&amp;quot; doesn&amp;apos;t match actual content-type &amp;quot;application/json;charset=utf-8&amp;quot;.
">
      <![CDATA[java.lang.AssertionError: 1 expectation failed.
Expected content-type "XML" doesn't match actual content-type "application/json;charset=utf-8".

	at org.codehaus.groovy.runtime.callsite.ConstructorSite$ConstructorSiteNoUnwrap.callConstructor(ConstructorSite.java:84)
	at org.codehaus.groovy.runtime.callsite.CallSiteArray.defaultCallConstructor(CallSiteArray.java:60)
	at org.codehaus.groovy.runtime.callsite.AbstractCallSite.callConstructor(AbstractCallSite.java:235)
	at org.codehaus.groovy.runtime.callsite.AbstractCallSite.callConstructor(AbstractCallSite.java:247)
	at io.restassured.internal.ResponseSpecificationImpl$HamcrestAssertionClosure.validate(ResponseSpecificationImpl.groovy:451)
	at io.restassured.internal.ResponseSpecificationImpl$HamcrestAssertionClosure$validate$1.call(Unknown Source)
	at io.restassured.internal.ResponseSpecificationImpl.validateResponseIfRequired(ResponseSpecificationImpl.groovy:613)
	at org.codehaus.groovy.runtime.callsite.PogoMetaMethodSite$PogoCachedMethodSiteNoUnwrapNoCoerce.invoke(PogoMetaMethodSite.java:210)
	at org.codehaus.groovy.runtime.callsite.PogoMetaMethodSite.callCurrent(PogoMetaMethodSite.java:59)
	at org.codehaus.groovy.runtime.callsite.CallSiteArray.defaultCallCurrent(CallSiteArray.java:52)
	at org.codehaus.groovy.runtime.callsite.AbstractCallSite.callCurrent(AbstractCallSite.java:154)
	at org.codehaus.groovy.runtime.callsite.AbstractCallSite.callCurrent(AbstractCallSite.java:166)
	at io.restassured.internal.ResponseSpecificationImpl.contentType(ResponseSpecificationImpl.groovy:379)
	at io.restassured.internal.ValidatableResponseOptionsImpl.contentType(ValidatableResponseOptionsImpl.java:244)
	at org.api.testcases.DataProviderClass.AnothertestToFail(DataProviderClass.java:130)
... Removed 34 stack frames]]>
    </failure>
  </testcase> <!-- AnothertestToFail -->
  <testcase name="getPPNames" time="2.499" classname="org.api.testcases.DataProviderClass"/>
  <testcase name="getPPNames" time="2.019" classname="org.api.testcases.DataProviderClass"/>
  <testcase name="getPPNames" time="1.836" classname="org.api.testcases.DataProviderClass"/>
  <testcase name="getPPNames" time="1.551" classname="org.api.testcases.DataProviderClass"/>
  <testcase name="hitSolrAPIwithDifferetData" time="1.982" classname="org.api.testcases.DataProviderClass"/>
  <testcase name="hitSolrAPIwithDifferetData" time="3.734" classname="org.api.testcases.DataProviderClass"/>
  <testcase name="hitSolrAPIwithDifferetData" time="1.79" classname="org.api.testcases.DataProviderClass"/>
  <testcase name="hitSolrAPIwithDifferetData" time="1.502" classname="org.api.testcases.DataProviderClass"/>
  <testcase name="testToFail" time="1.751" classname="org.api.testcases.DataProviderClass">
    <failure type="java.lang.AssertionError" message="1 expectation failed.
Expected status code &amp;lt;400&amp;gt; doesn&amp;apos;t match actual status code &amp;lt;200&amp;gt;.
">
      <![CDATA[java.lang.AssertionError: 1 expectation failed.
Expected status code <400> doesn't match actual status code <200>.

	at org.codehaus.groovy.runtime.callsite.ConstructorSite$ConstructorSiteNoUnwrap.callConstructor(ConstructorSite.java:84)
	at org.codehaus.groovy.runtime.callsite.AbstractCallSite.callConstructor(AbstractCallSite.java:247)
	at io.restassured.internal.ResponseSpecificationImpl$HamcrestAssertionClosure.validate(ResponseSpecificationImpl.groovy:451)
	at io.restassured.internal.ResponseSpecificationImpl$HamcrestAssertionClosure$validate$1.call(Unknown Source)
	at io.restassured.internal.ResponseSpecificationImpl.validateResponseIfRequired(ResponseSpecificationImpl.groovy:613)
	at org.codehaus.groovy.runtime.callsite.PogoMetaMethodSite$PogoCachedMethodSiteNoUnwrapNoCoerce.invoke(PogoMetaMethodSite.java:210)
	at org.codehaus.groovy.runtime.callsite.PogoMetaMethodSite.callCurrent(PogoMetaMethodSite.java:59)
	at org.codehaus.groovy.runtime.callsite.AbstractCallSite.callCurrent(AbstractCallSite.java:166)
	at io.restassured.internal.ResponseSpecificationImpl.statusCode(ResponseSpecificationImpl.groovy:120)
	at io.restassured.specification.ResponseSpecification$statusCode$0.callCurrent(Unknown Source)
	at io.restassured.internal.ResponseSpecificationImpl.statusCode(ResponseSpecificationImpl.groovy:128)
	at io.restassured.internal.ValidatableResponseOptionsImpl.statusCode(ValidatableResponseOptionsImpl.java:117)
	at org.api.testcases.DataProviderClass.testToFail(DataProviderClass.java:118)
... Removed 34 stack frames]]>
    </failure>
  </testcase> <!-- testToFail -->
  <testcase name="validateStatusCode" time="1.788" classname="org.api.testcases.DataProviderClass"/>
  <testcase name="validateStatusCode" time="1.724" classname="org.api.testcases.DataProviderClass"/>
  <testcase name="validateStatusCode" time="1.819" classname="org.api.testcases.DataProviderClass"/>
  <testcase name="validateStatusCode" time="1.516" classname="org.api.testcases.DataProviderClass"/>
</testsuite> <!-- Validating SOLR Search APIs -->
