<?xml version="1.0" encoding="UTF-8"?>
<testng-results skipped="0" failed="0" total="5" passed="5">
  <reporter-output>
  </reporter-output>
  <suite name="Default suite" duration-ms="11658" started-at="2018-04-14T16:57:58Z" finished-at="2018-04-14T16:58:09Z">
    <groups>
    </groups>
    <test name="Default test" duration-ms="11658" started-at="2018-04-14T16:57:58Z" finished-at="2018-04-14T16:58:09Z">
      <class name="org.api.testcases.DataProviderClass">
        <test-method status="PASS" signature="hitSolrAPIwithDifferetDataFromExcelSheet(java.lang.String)[pri:0, instance:org.api.testcases.DataProviderClass@146ba0ac]" name="hitSolrAPIwithDifferetDataFromExcelSheet" duration-ms="3996" started-at="2018-04-14T22:27:58Z" data-provider="listofsearchTerms" finished-at="2018-04-14T22:28:02Z">
          <params>
            <param index="0">
              <value>
                <![CDATA[hats]]>
              </value>
            </param>
          </params>
          <reporter-output>
          </reporter-output>
        </test-method> <!-- hitSolrAPIwithDifferetDataFromExcelSheet -->
        <test-method status="PASS" signature="hitSolrAPIwithDifferetDataFromExcelSheet(java.lang.String)[pri:0, instance:org.api.testcases.DataProviderClass@146ba0ac]" name="hitSolrAPIwithDifferetDataFromExcelSheet" duration-ms="1914" started-at="2018-04-14T22:28:02Z" data-provider="listofsearchTerms" finished-at="2018-04-14T22:28:04Z">
          <params>
            <param index="0">
              <value>
                <![CDATA[sofa]]>
              </value>
            </param>
          </params>
          <reporter-output>
          </reporter-output>
        </test-method> <!-- hitSolrAPIwithDifferetDataFromExcelSheet -->
        <test-method status="PASS" signature="hitSolrAPIwithDifferetDataFromExcelSheet(java.lang.String)[pri:0, instance:org.api.testcases.DataProviderClass@146ba0ac]" name="hitSolrAPIwithDifferetDataFromExcelSheet" duration-ms="1492" started-at="2018-04-14T22:28:04Z" data-provider="listofsearchTerms" finished-at="2018-04-14T22:28:06Z">
          <params>
            <param index="0">
              <value>
                <![CDATA[long dress]]>
              </value>
            </param>
          </params>
          <reporter-output>
          </reporter-output>
        </test-method> <!-- hitSolrAPIwithDifferetDataFromExcelSheet -->
        <test-method status="PASS" signature="hitSolrAPIwithDifferetDataFromExcelSheet(java.lang.String)[pri:0, instance:org.api.testcases.DataProviderClass@146ba0ac]" name="hitSolrAPIwithDifferetDataFromExcelSheet" duration-ms="1916" started-at="2018-04-14T22:28:06Z" data-provider="listofsearchTerms" finished-at="2018-04-14T22:28:08Z">
          <params>
            <param index="0">
              <value>
                <![CDATA[rings]]>
              </value>
            </param>
          </params>
          <reporter-output>
          </reporter-output>
        </test-method> <!-- hitSolrAPIwithDifferetDataFromExcelSheet -->
        <test-method status="PASS" signature="hitSolrAPIwithDifferetDataFromExcelSheet(java.lang.String)[pri:0, instance:org.api.testcases.DataProviderClass@146ba0ac]" name="hitSolrAPIwithDifferetDataFromExcelSheet" duration-ms="1731" started-at="2018-04-14T22:28:08Z" data-provider="listofsearchTerms" finished-at="2018-04-14T22:28:09Z">
          <params>
            <param index="0">
              <value>
                <![CDATA[watches]]>
              </value>
            </param>
          </params>
          <reporter-output>
          </reporter-output>
        </test-method> <!-- hitSolrAPIwithDifferetDataFromExcelSheet -->
      </class> <!-- org.api.testcases.DataProviderClass -->
    </test> <!-- Default test -->
  </suite> <!-- Default suite -->
</testng-results>
