<?xml version="1.0" encoding="UTF-8"?>
<testng-results skipped="0" failed="0" total="1" passed="1">
  <reporter-output>
  </reporter-output>
  <suite name="Default suite" duration-ms="16226" started-at="2017-11-05T14:07:17Z" finished-at="2017-11-05T14:07:33Z">
    <groups>
    </groups>
    <test name="Default test" duration-ms="16226" started-at="2017-11-05T14:07:17Z" finished-at="2017-11-05T14:07:33Z">
      <class name="org.web.testcases.Tc_001_Validate_LoginFunctionality">
        <test-method status="PASS" signature="initiateDriverInstance()[pri:0, instance:org.web.testcases.Tc_001_Validate_LoginFunctionality@6093dd95]" name="initiateDriverInstance" is-config="true" duration-ms="11748" started-at="2017-11-05T19:37:17Z" finished-at="2017-11-05T19:37:29Z">
          <reporter-output>
          </reporter-output>
        </test-method> <!-- initiateDriverInstance -->
        <test-method status="PASS" signature="tc_login_functionality()[pri:0, instance:org.web.testcases.Tc_001_Validate_LoginFunctionality@6093dd95]" name="tc_login_functionality" duration-ms="2978" started-at="2017-11-05T19:37:29Z" finished-at="2017-11-05T19:37:32Z">
          <reporter-output>
          </reporter-output>
        </test-method> <!-- tc_login_functionality -->
        <test-method status="PASS" signature="closeDriverInstance()[pri:0, instance:org.web.testcases.Tc_001_Validate_LoginFunctionality@6093dd95]" name="closeDriverInstance" is-config="true" duration-ms="1485" started-at="2017-11-05T19:37:32Z" finished-at="2017-11-05T19:37:33Z">
          <reporter-output>
          </reporter-output>
        </test-method> <!-- closeDriverInstance -->
      </class> <!-- org.web.testcases.Tc_001_Validate_LoginFunctionality -->
    </test> <!-- Default test -->
  </suite> <!-- Default suite -->
</testng-results>
