<?xml version="1.0" encoding="UTF-8"?>
<testng-results skipped="0" failed="0" total="3" passed="3">
  <reporter-output>
  </reporter-output>
  <suite name="Default suite" duration-ms="29016" started-at="2017-11-05T15:00:26Z" finished-at="2017-11-05T15:00:55Z">
    <groups>
    </groups>
    <test name="Default test" duration-ms="29016" started-at="2017-11-05T15:00:26Z" finished-at="2017-11-05T15:00:55Z">
      <class name="org.web.testcases.Tc_001_Validate_LoginFunctionality">
        <test-method status="PASS" signature="initiateDriverInstance()[pri:0, instance:org.web.testcases.Tc_001_Validate_LoginFunctionality@4883b407]" name="initiateDriverInstance" is-config="true" duration-ms="6412" started-at="2017-11-05T20:30:26Z" finished-at="2017-11-05T20:30:33Z">
          <reporter-output>
          </reporter-output>
        </test-method> <!-- initiateDriverInstance -->
        <test-method status="PASS" signature="tc_login_functionality(java.lang.String, java.lang.String)[pri:0, instance:org.web.testcases.Tc_001_Validate_LoginFunctionality@4883b407]" name="tc_login_functionality" duration-ms="2453" started-at="2017-11-05T20:30:33Z" data-provider="datafromexcel" finished-at="2017-11-05T20:30:35Z">
          <params>
            <param index="0">
              <value>
                <![CDATA[john]]>
              </value>
            </param>
            <param index="1">
              <value>
                <![CDATA[pass1]]>
              </value>
            </param>
          </params>
          <reporter-output>
          </reporter-output>
        </test-method> <!-- tc_login_functionality -->
        <test-method status="PASS" signature="closeDriverInstance()[pri:0, instance:org.web.testcases.Tc_001_Validate_LoginFunctionality@4883b407]" name="closeDriverInstance" is-config="true" duration-ms="1220" started-at="2017-11-05T20:30:35Z" finished-at="2017-11-05T20:30:37Z">
          <reporter-output>
          </reporter-output>
        </test-method> <!-- closeDriverInstance -->
        <test-method status="PASS" signature="initiateDriverInstance()[pri:0, instance:org.web.testcases.Tc_001_Validate_LoginFunctionality@4883b407]" name="initiateDriverInstance" is-config="true" duration-ms="5308" started-at="2017-11-05T20:30:37Z" finished-at="2017-11-05T20:30:42Z">
          <reporter-output>
          </reporter-output>
        </test-method> <!-- initiateDriverInstance -->
        <test-method status="PASS" signature="tc_login_functionality(java.lang.String, java.lang.String)[pri:0, instance:org.web.testcases.Tc_001_Validate_LoginFunctionality@4883b407]" name="tc_login_functionality" duration-ms="2378" started-at="2017-11-05T20:30:42Z" data-provider="datafromexcel" finished-at="2017-11-05T20:30:44Z">
          <params>
            <param index="0">
              <value>
                <![CDATA[mohit]]>
              </value>
            </param>
            <param index="1">
              <value>
                <![CDATA[pass2]]>
              </value>
            </param>
          </params>
          <reporter-output>
          </reporter-output>
        </test-method> <!-- tc_login_functionality -->
        <test-method status="PASS" signature="closeDriverInstance()[pri:0, instance:org.web.testcases.Tc_001_Validate_LoginFunctionality@4883b407]" name="closeDriverInstance" is-config="true" duration-ms="1107" started-at="2017-11-05T20:30:44Z" finished-at="2017-11-05T20:30:45Z">
          <reporter-output>
          </reporter-output>
        </test-method> <!-- closeDriverInstance -->
        <test-method status="PASS" signature="initiateDriverInstance()[pri:0, instance:org.web.testcases.Tc_001_Validate_LoginFunctionality@4883b407]" name="initiateDriverInstance" is-config="true" duration-ms="5536" started-at="2017-11-05T20:30:45Z" finished-at="2017-11-05T20:30:51Z">
          <reporter-output>
          </reporter-output>
        </test-method> <!-- initiateDriverInstance -->
        <test-method status="PASS" signature="tc_login_functionality(java.lang.String, java.lang.String)[pri:0, instance:org.web.testcases.Tc_001_Validate_LoginFunctionality@4883b407]" name="tc_login_functionality" duration-ms="2899" started-at="2017-11-05T20:30:51Z" data-provider="datafromexcel" finished-at="2017-11-05T20:30:54Z">
          <params>
            <param index="0">
              <value>
                <![CDATA[david]]>
              </value>
            </param>
            <param index="1">
              <value>
                <![CDATA[pass3]]>
              </value>
            </param>
          </params>
          <reporter-output>
          </reporter-output>
        </test-method> <!-- tc_login_functionality -->
        <test-method status="PASS" signature="closeDriverInstance()[pri:0, instance:org.web.testcases.Tc_001_Validate_LoginFunctionality@4883b407]" name="closeDriverInstance" is-config="true" duration-ms="1166" started-at="2017-11-05T20:30:54Z" finished-at="2017-11-05T20:30:55Z">
          <reporter-output>
          </reporter-output>
        </test-method> <!-- closeDriverInstance -->
      </class> <!-- org.web.testcases.Tc_001_Validate_LoginFunctionality -->
    </test> <!-- Default test -->
  </suite> <!-- Default suite -->
</testng-results>
